                :-) GROMACS - gmx mdrun, 2024.5-conda_forge (-:

Copyright 1991-2024 The GROMACS Authors.
GROMACS is free software; you can redistribute it and/or modify it
under the terms of the GNU Lesser General Public License
as published by the Free Software Foundation; either version 2.1
of the License, or (at your option) any later version.

                         Current GROMACS contributors:
       Mark Abraham           Andrey Alekseenko           Vladimir Basov      
      Cathrine Bergh            Eliane Briand               Ania Brown        
      Mahesh Doijade            Giacomo Fiorin          Stefan Fleischmann    
      Sergey Gorelov         Gilles Gouaillardet            Alan Gray         
     M. Eric Irrgang         Farzaneh Jalalypour            Joe Jordan        
     Carsten Kutzner           Justin A. Lemkul          Magnus Lundborg      
       Pascal Merz              Vedran Miletic            Dmitry Morozov      
       Julien Nabet              Szilard Pall        Andrea Pasquadibisceglie 
    Michele Pellegrino          Hubert Santuz             Roland Schulz       
     Tatiana Shugaeva          Alexey Shvetsov            Philip Turner       
     Alessandra Villa      Sebastian Wingbermuehle  

                         Previous GROMACS contributors:
        Emile Apol             Rossen Apostolov           James Barnett       
        Paul Bauer          Herman J.C. Berendsen          Par Bjelkmar       
      Christian Blau          Viacheslav Bolnykh            Kevin Boyd        
    Aldert van Buuren          Carlo Camilloni           Rudi van Drunen      
      Anton Feenstra           Oliver Fleetwood            Vytas Gapsys       
       Gaurav Garg             Gerrit Groenhof            Bert de Groot       
      Anca Hamuraru           Vincent Hindriksen          Victor Holanda      
     Aleksei Iupinov          Christoph Junghans        Prashanth Kanduri     
   Dimitrios Karkoulis           Peter Kasson             Sebastian Kehl      
     Sebastian Keller             Jiri Kraus               Per Larsson        
      Viveca Lindahl            Erik Marklund           Pieter Meulenhoff     
      Teemu Murtola              Sander Pronk             Michael Shirts      
      Alfons Sijbers            Balint Soproni         David van der Spoel    
      Peter Tieleman            Carsten Uphoff             Jon Vincent        
     Teemu Virolainen         Christian Wennberg           Maarten Wolf       
      Artem Zhmurov       

                  Coordinated by the GROMACS project leaders:
                           Berk Hess and Erik Lindahl

GROMACS:      gmx mdrun, version 2024.5-conda_forge
Executable:   /home/runner/micromamba/envs/openff-docs-examples/bin.AVX2_256/gmx
Data prefix:  /home/runner/micromamba/envs/openff-docs-examples
Working dir:  /home/runner/work/openff-docs/openff-docs/build/cookbook/src/openforcefield/openff-interchange/ligand_in_water
Process ID:   14049
Command line:
  gmx mdrun --deffnm run

GROMACS version:     2024.5-conda_forge
Precision:           mixed
Memory model:        64 bit
MPI library:         thread_mpi
OpenMP support:      enabled (GMX_OPENMP_MAX_THREADS = 128)
GPU support:         OpenCL
NBNxM GPU setup:     super-cluster 2x2x2 / cluster 8
SIMD instructions:   AVX2_256
CPU FFT library:     fftw-3.3.10-sse2-avx
GPU FFT library:     clFFT
Multi-GPU FFT:       none
RDTSCP usage:        disabled
TNG support:         enabled
Hwloc support:       disabled
Tracing support:     disabled
C compiler:          /home/conda/feedstock_root/build_artifacts/gromacs_1737879903961/_build_env/bin/x86_64-conda-linux-gnu-cc GNU 13.3.0
C compiler flags:    -fexcess-precision=fast -funroll-all-loops -mavx2 -mfma -Wno-missing-field-initializers -O3 -DNDEBUG
C++ compiler:        /home/conda/feedstock_root/build_artifacts/gromacs_1737879903961/_build_env/bin/x86_64-conda-linux-gnu-c++ GNU 13.3.0
C++ compiler flags:  -fexcess-precision=fast -funroll-all-loops -mavx2 -mfma -Wno-missing-field-initializers -Wno-cast-function-type-strict SHELL:-fopenmp -O3 -DNDEBUG
BLAS library:        Internal
LAPACK library:      Internal
OpenCL include dir:  /home/runner/micromamba/envs/openff-docs-examples/include
OpenCL library:      /home/runner/micromamba/envs/openff-docs-examples/lib/libOpenCL.so
OpenCL version:      3.0


Running on 1 node with total 2 cores, 4 processing units (GPU detection failed)
Hardware detected on host fv-az1277-951:
  CPU info:
    Vendor: AMD
    Brand:  AMD EPYC 7763 64-Core Processor                
    Family: 25   Model: 1   Stepping: 1
    Features: aes amd apic avx avx2 clfsh cmov cx8 cx16 f16c fma htt lahf misalignsse mmx msr nonstop_tsc pcid pclmuldq pdpe1gb popcnt pse rdrnd rdtscp sha sse2 sse3 sse4a sse4.1 sse4.2 ssse3
  Hardware topology: Basic
    Packages, cores, and logical processors:
    [indices refer to OS logical processors]
      Package  0: [   0   1] [   2   3]
    CPU limit set by OS: -1   Recommended max number of threads: 4

The current CPU can measure timings more accurately than the code in
gmx mdrun was configured to use. This might affect your simulation
speed as accurate timings are needed for load-balancing.
Please consider rebuilding gmx mdrun with the GMX_USE_RDTSCP=ON CMake option.

++++ PLEASE READ AND CITE THE FOLLOWING REFERENCE ++++
M. J. Abraham, T. Murtola, R. Schulz, S. Páll, J. C. Smith, B. Hess, E.
Lindahl
GROMACS: High performance molecular simulations through multi-level
parallelism from laptops to supercomputers
SoftwareX 1 (2015) pp. 19-25
-------- -------- --- Thank You --- -------- --------


++++ PLEASE READ AND CITE THE FOLLOWING REFERENCE ++++
S. Páll, M. J. Abraham, C. Kutzner, B. Hess, E. Lindahl
Tackling Exascale Software Challenges in Molecular Dynamics Simulations with
GROMACS
In S. Markidis & E. Laure (Eds.), Solving Software Challenges for Exascale 8759 (2015) pp. 3-27
-------- -------- --- Thank You --- -------- --------


++++ PLEASE READ AND CITE THE FOLLOWING REFERENCE ++++
S. Pronk, S. Páll, R. Schulz, P. Larsson, P. Bjelkmar, R. Apostolov, M. R.
Shirts, J. C. Smith, P. M. Kasson, D. van der Spoel, B. Hess, and E. Lindahl
GROMACS 4.5: a high-throughput and highly parallel open source molecular
simulation toolkit
Bioinformatics 29 (2013) pp. 845-54
-------- -------- --- Thank You --- -------- --------


++++ PLEASE READ AND CITE THE FOLLOWING REFERENCE ++++
B. Hess and C. Kutzner and D. van der Spoel and E. Lindahl
GROMACS 4: Algorithms for highly efficient, load-balanced, and scalable
molecular simulation
J. Chem. Theory Comput. 4 (2008) pp. 435-447
-------- -------- --- Thank You --- -------- --------


++++ PLEASE READ AND CITE THE FOLLOWING REFERENCE ++++
D. van der Spoel, E. Lindahl, B. Hess, G. Groenhof, A. E. Mark and H. J. C.
Berendsen
GROMACS: Fast, Flexible and Free
J. Comp. Chem. 26 (2005) pp. 1701-1719
-------- -------- --- Thank You --- -------- --------


++++ PLEASE READ AND CITE THE FOLLOWING REFERENCE ++++
E. Lindahl and B. Hess and D. van der Spoel
GROMACS 3.0: A package for molecular simulation and trajectory analysis
J. Mol. Mod. 7 (2001) pp. 306-317
-------- -------- --- Thank You --- -------- --------


++++ PLEASE READ AND CITE THE FOLLOWING REFERENCE ++++
H. J. C. Berendsen, D. van der Spoel and R. van Drunen
GROMACS: A message-passing parallel molecular dynamics implementation
Comp. Phys. Comm. 91 (1995) pp. 43-56
-------- -------- --- Thank You --- -------- --------

Input Parameters:
   integrator                     = md
   tinit                          = 0
   dt                             = 0.001
   nsteps                         = 5000
   init-step                      = 0
   simulation-part                = 1
   mts                            = false
   mass-repartition-factor        = 1
   comm-mode                      = Linear
   nstcomm                        = 100
   bd-fric                        = 0
   ld-seed                        = -286897
   emtol                          = 10
   emstep                         = 0.01
   niter                          = 20
   fcstep                         = 0
   nstcgsteep                     = 1000
   nbfgscorr                      = 10
   rtpi                           = 0.05
   nstxout                        = 0
   nstvout                        = 0
   nstfout                        = 0
   nstlog                         = 1000
   nstcalcenergy                  = 100
   nstenergy                      = 1000
   nstxout-compressed             = 100
   compressed-x-precision         = 1000
   cutoff-scheme                  = Verlet
   nstlist                        = 10
   pbc                            = xyz
   periodic-molecules             = false
   verlet-buffer-tolerance        = 0.005
   verlet-buffer-pressure-tolerance = 0.5
   rlist                          = 0.9
   coulombtype                    = PME
   coulomb-modifier               = Potential-shift
   rcoulomb-switch                = 0
   rcoulomb                       = 0.9
   epsilon-r                      = 1
   epsilon-rf                     = inf
   vdw-type                       = Cut-off
   vdw-modifier                   = Force-switch
   rvdw-switch                    = 0.8
   rvdw                           = 0.9
   DispCorr                       = EnerPres
   table-extension                = 1
   fourierspacing                 = 0.12
   fourier-nx                     = 32
   fourier-ny                     = 32
   fourier-nz                     = 32
   pme-order                      = 4
   ewald-rtol                     = 1e-05
   ewald-rtol-lj                  = 0.001
   lj-pme-comb-rule               = Geometric
   ewald-geometry                 = 3d
   epsilon-surface                = 0
   ensemble-temperature-setting   = constant
   ensemble-temperature           = 300
   tcoupl                         = V-rescale
   nsttcouple                     = 100
   nh-chain-length                = 0
   print-nose-hoover-chain-variables = false
   pcoupl                         = C-rescale
   pcoupltype                     = Isotropic
   nstpcouple                     = 100
   tau-p                          = 1
   compressibility (3x3):
      compressibility[    0]={ 4.50000e-05,  0.00000e+00,  0.00000e+00}
      compressibility[    1]={ 0.00000e+00,  4.50000e-05,  0.00000e+00}
      compressibility[    2]={ 0.00000e+00,  0.00000e+00,  4.50000e-05}
   ref-p (3x3):
      ref-p[    0]={ 1.00000e+00,  0.00000e+00,  0.00000e+00}
      ref-p[    1]={ 0.00000e+00,  1.00000e+00,  0.00000e+00}
      ref-p[    2]={ 0.00000e+00,  0.00000e+00,  1.00000e+00}
   refcoord-scaling               = No
   posres-com (3):
      posres-com[0]= 0.00000e+00
      posres-com[1]= 0.00000e+00
      posres-com[2]= 0.00000e+00
   posres-comB (3):
      posres-comB[0]= 0.00000e+00
      posres-comB[1]= 0.00000e+00
      posres-comB[2]= 0.00000e+00
   QMMM                           = false
qm-opts:
   ngQM                           = 0
   constraint-algorithm           = Lincs
   continuation                   = false
   Shake-SOR                      = false
   shake-tol                      = 0.0001
   lincs-order                    = 4
   lincs-iter                     = 1
   lincs-warnangle                = 30
   nwall                          = 0
   wall-type                      = 9-3
   wall-r-linpot                  = -1
   wall-atomtype[0]               = -1
   wall-atomtype[1]               = -1
   wall-density[0]                = 0
   wall-density[1]                = 0
   wall-ewald-zfac                = 3
   pull                           = false
   awh                            = false
   rotation                       = false
   interactiveMD                  = false
   disre                          = No
   disre-weighting                = Conservative
   disre-mixed                    = false
   dr-fc                          = 1000
   dr-tau                         = 0
   nstdisreout                    = 100
   orire-fc                       = 0
   orire-tau                      = 0
   nstorireout                    = 100
   free-energy                    = no
   cos-acceleration               = 0
   deform (3x3):
      deform[    0]={ 0.00000e+00,  0.00000e+00,  0.00000e+00}
      deform[    1]={ 0.00000e+00,  0.00000e+00,  0.00000e+00}
      deform[    2]={ 0.00000e+00,  0.00000e+00,  0.00000e+00}
   simulated-tempering            = false
   swapcoords                     = no
   userint1                       = 0
   userint2                       = 0
   userint3                       = 0
   userint4                       = 0
   userreal1                      = 0
   userreal2                      = 0
   userreal3                      = 0
   userreal4                      = 0
   applied-forces:
     electric-field:
       x:
         E0                       = 0
         omega                    = 0
         t0                       = 0
         sigma                    = 0
       y:
         E0                       = 0
         omega                    = 0
         t0                       = 0
         sigma                    = 0
       z:
         E0                       = 0
         omega                    = 0
         t0                       = 0
         sigma                    = 0
     density-guided-simulation:
       active                     = false
       group                      = protein
       similarity-measure         = inner-product
       atom-spreading-weight      = unity
       force-constant             = 1e+09
       gaussian-transform-spreading-width = 0.2
       gaussian-transform-spreading-range-in-multiples-of-width = 4
       reference-density-filename = reference.mrc
       nst                        = 1
       normalize-densities        = true
       adaptive-force-scaling     = false
       adaptive-force-scaling-time-constant = 4
       shift-vector               = 
       transformation-matrix      = 
     qmmm-cp2k:
       active                     = false
       qmgroup                    = System
       qmmethod                   = PBE
       qmfilenames                = 
       qmcharge                   = 0
       qmmultiplicity             = 1
     colvars:
       active                     = false
       configfile                 = 
       seed                       = -1
grpopts:
   nrdf:        6049
   ref-t:         300
   tau-t:           1
annealing:          No
annealing-npoints:           0
   acc:	           0           0           0
   nfreeze:           N           N           N
   energygrp-flags[  0]: 0

Changing nstlist from 10 to 80, rlist from 0.9 to 1.009


Update groups can not be used for this system because atoms that are (in)directly constrained together are interdispersed with other atoms

Initializing Domain Decomposition on 1 ranks
Dynamic load balancing: auto
Minimum cell size due to atom displacement: 0.384 nm
Initial maximum distances in bonded interactions:
    two-body bonded interactions: 0.380 nm, LJ-14, atoms 5 13
  multi-body bonded interactions: 0.380 nm, Proper Dih., atoms 5 13
Minimum cell size due to bonded interactions: 0.418 nm
Maximum distance for 5 constraints, at 120 deg. angles, all-trans: 0.219 nm
Estimated maximum distance required for P-LINCS: 0.219 nm
Using 0 separate PME ranks because: there are too few total ranks for efficient splitting
Optimizing the DD grid for 1 cells with a minimum initial size of 0.418 nm
The maximum allowed number of cells is: X 6 Y 6 Z 5
Domain decomposition grid 1 x 1 x 1, separate PME ranks 0
PME domain decomposition: 1 x 1 x 1

The initial number of communication pulses is:
The initial domain decomposition cell size is:

The maximum allowed distance for atoms involved in interactions is:
                 non-bonded interactions           1.009 nm
(the following are initial values, they could change due to box deformation)
            two-body bonded interactions  (-rdd)   1.009 nm
          multi-body bonded interactions  (-rdd)   1.009 nm
              virtual site constructions  (-rcon)  2.475 nm
  atoms separated by up to 5 constraints  (-rcon)  2.475 nm

When dynamic load balancing gets turned on, these settings will change to:
The maximum number of communication pulses is:
The minimum size for domain decomposition cells is 1.009 nm
The requested allowed shrink of DD cells (option -dds) is: 0.80
The allowed shrink of domain decomposition cells is:
The maximum allowed distance for atoms involved in interactions is:
                 non-bonded interactions           1.009 nm
            two-body bonded interactions  (-rdd)   1.009 nm
          multi-body bonded interactions  (-rdd)   1.009 nm
              virtual site constructions  (-rcon)  1.009 nm
  atoms separated by up to 5 constraints  (-rcon)  1.009 nm

Using 1 MPI thread
Using 4 OpenMP threads 

System total charge: 0.000
Will do PME sum in reciprocal space for electrostatic interactions.

++++ PLEASE READ AND CITE THE FOLLOWING REFERENCE ++++
U. Essmann, L. Perera, M. L. Berkowitz, T. Darden, H. Lee and L. G. Pedersen 
A smooth particle mesh Ewald method
J. Chem. Phys. 103 (1995) pp. 8577-8592
-------- -------- --- Thank You --- -------- --------

Using a Gaussian width (1/beta) of 0.288146 nm for Ewald
Potential shift: LJ r^-12: -6.469e+00 r^-6: -2.590e+00, Ewald -1.111e-05
Initialized non-bonded Coulomb Ewald tables, spacing: 8.85e-04 size: 1018

Generated table with 1004 data points for 1-4 COUL.
Tabscale = 500 points/nm
Generated table with 1004 data points for 1-4 LJ6.
Tabscale = 500 points/nm
Generated table with 1004 data points for 1-4 LJ12.
Tabscale = 500 points/nm
Long Range LJ corr.: <C6> 1.9104e-04


Using SIMD4xM 4x8 nonbonded short-range kernels

Using a dual 4x8 pair-list setup updated with dynamic pruning:
  outer list: updated every 80 steps, buffer 0.109 nm, rlist 1.009 nm
  inner list: updated every 16 steps, buffer 0.000 nm, rlist 0.900 nm
At tolerance 0.005 kJ/mol/ps per atom, equivalent classical 1x1 list would be:
  outer list: updated every 80 steps, buffer 0.222 nm, rlist 1.122 nm
  inner list: updated every 16 steps, buffer 0.030 nm, rlist 0.930 nm

The average pressure is off by at most 0.00 bar due to missing LJ interactions
Removing pbc first time

Linking all bonded interactions to atoms
There are 1000 inter update-group virtual sites,
will perform an extra communication step for selected coordinates and forces


Pinning threads with an auto-selected logical cpu stride of 1

Initializing Parallel LINear Constraint Solver

++++ PLEASE READ AND CITE THE FOLLOWING REFERENCE ++++
B. Hess
P-LINCS: A Parallel Linear Constraint Solver for molecular simulation
J. Chem. Theory Comput. 4 (2008) pp. 116-122
-------- -------- --- Thank You --- -------- --------

The number of constraints is 8
There are constraints between atoms in different decomposition domains,
will communicate selected coordinates each lincs iteration

++++ PLEASE READ AND CITE THE FOLLOWING REFERENCE ++++
S. Miyamoto and P. A. Kollman
SETTLE: An Analytical Version of the SHAKE and RATTLE Algorithms for Rigid
Water Models
J. Comp. Chem. 13 (1992) pp. 952-962
-------- -------- --- Thank You --- -------- --------


++++ PLEASE READ AND CITE THE FOLLOWING REFERENCE ++++
G. Bussi, D. Donadio and M. Parrinello
Canonical sampling through velocity rescaling
J. Chem. Phys. 126 (2007) pp. 014101
-------- -------- --- Thank You --- -------- --------


++++ PLEASE READ AND CITE THE FOLLOWING REFERENCE ++++
M. Bernetti, G. Bussi
Pressure control using stochastic cell rescaling
J. Chem. Phys. 153 (2020) pp. 114107
-------- -------- --- Thank You --- -------- --------

There are: 3020 Atoms
There are: 1000 VSites
Atom distribution over 1 domains: av 4020 stddev 0 min 4020 max 4020

Constraining the starting coordinates (step 0)

Constraining the coordinates at t0-dt (step 0)
Center of mass motion removal mode is Linear
We have the following groups for center of mass motion removal:
  0:  rest
RMS relative constraint deviation after constraining: 5.33e-07
Initial temperature: 306.257 K

Started mdrun on rank 0 Sat Apr 19 00:35:41 2025

           Step           Time
              0        0.00000

   Energies (kJ/mol)
           Bond          Angle    Proper Dih. Per. Imp. Dih.          LJ-14
    2.21974e+00    1.47082e+02    3.88688e+01    4.38203e-01    7.52947e+00
     Coulomb-14        LJ (SR)  Disper. corr.   Coulomb (SR)   Coul. recip.
    5.63337e+02    1.16810e+04   -6.83419e+02   -6.92122e+04    2.14272e+02
      Potential    Kinetic En.   Total Energy  Conserved En.    Temperature
   -5.72408e+04    7.70168e+03   -4.95391e+04   -4.94942e+04    3.06265e+02
 Pres. DC (bar) Pressure (bar)   Constr. rmsd
   -3.74865e+02   -1.10602e+03    7.00513e-07

           Step           Time
           1000        1.00000

   Energies (kJ/mol)
           Bond          Angle    Proper Dih. Per. Imp. Dih.          LJ-14
    1.02514e+01    1.62370e+02    3.26601e+01    4.06821e-01    7.11573e+00
     Coulomb-14        LJ (SR)  Disper. corr.   Coulomb (SR)   Coul. recip.
    5.37851e+02    1.09200e+04   -6.91289e+02   -6.36236e+04    3.07169e+02
      Potential    Kinetic En.   Total Energy  Conserved En.    Temperature
   -5.23371e+04    5.50710e+03   -4.68300e+04   -4.94692e+04    2.18996e+02
 Pres. DC (bar) Pressure (bar)   Constr. rmsd
   -3.83536e+02    6.31419e+02    4.89702e-07

           Step           Time
           2000        2.00000

   Energies (kJ/mol)
           Bond          Angle    Proper Dih. Per. Imp. Dih.          LJ-14
    1.03632e+01    1.63490e+02    3.97286e+01    3.72720e-01    1.20538e+01
     Coulomb-14        LJ (SR)  Disper. corr.   Coulomb (SR)   Coul. recip.
    5.62829e+02    1.06434e+04   -6.89432e+02   -6.27185e+04    3.00564e+02
      Potential    Kinetic En.   Total Energy  Conserved En.    Temperature
   -5.16751e+04    6.42247e+03   -4.52527e+04   -4.94774e+04    2.55396e+02
 Pres. DC (bar) Pressure (bar)   Constr. rmsd
   -3.81481e+02    6.87778e+02    4.77303e-07

           Step           Time
           3000        3.00000

   Energies (kJ/mol)
           Bond          Angle    Proper Dih. Per. Imp. Dih.          LJ-14
    1.11276e+01    1.67163e+02    3.43257e+01    3.29742e-01    4.74228e+00
     Coulomb-14        LJ (SR)  Disper. corr.   Coulomb (SR)   Coul. recip.
    5.59572e+02    1.01458e+04   -6.93018e+02   -6.16929e+04    3.10003e+02
      Potential    Kinetic En.   Total Energy  Conserved En.    Temperature
   -5.11528e+04    6.71206e+03   -4.44407e+04   -4.93975e+04    2.66912e+02
 Pres. DC (bar) Pressure (bar)   Constr. rmsd
   -3.85454e+02    1.62681e+02    8.01067e-07

           Step           Time
           4000        4.00000

   Energies (kJ/mol)
           Bond          Angle    Proper Dih. Per. Imp. Dih.          LJ-14
    8.06327e+00    1.74440e+02    3.01416e+01    6.77144e-01    8.21893e+00
     Coulomb-14        LJ (SR)  Disper. corr.   Coulomb (SR)   Coul. recip.
    5.41251e+02    1.00715e+04   -6.84915e+02   -6.11569e+04    3.33893e+02
      Potential    Kinetic En.   Total Energy  Conserved En.    Temperature
   -5.06736e+04    6.96235e+03   -4.37112e+04   -4.94482e+04    2.76865e+02
 Pres. DC (bar) Pressure (bar)   Constr. rmsd
   -3.76506e+02    2.93656e+02    1.20506e-06

           Step           Time
           5000        5.00000

Writing checkpoint, step 5000 at Sat Apr 19 00:35:59 2025


   Energies (kJ/mol)
           Bond          Angle    Proper Dih. Per. Imp. Dih.          LJ-14
    6.26403e+00    1.59182e+02    4.22966e+01    5.15585e-01    1.71461e+01
     Coulomb-14        LJ (SR)  Disper. corr.   Coulomb (SR)   Coul. recip.
    5.72286e+02    1.01796e+04   -6.84766e+02   -6.12547e+04    3.49194e+02
      Potential    Kinetic En.   Total Energy  Conserved En.    Temperature
   -5.06130e+04    7.19681e+03   -4.34161e+04   -4.94358e+04    2.86189e+02
 Pres. DC (bar) Pressure (bar)   Constr. rmsd
   -3.76343e+02    4.42753e+02    1.29939e-06


Energy conservation over simulation part #1 of length 5 ps, time 0 to 5 ps
  Conserved energy drift: 2.90e-03 kJ/mol/ps per atom


	<======  ###############  ==>
	<====  A V E R A G E S  ====>
	<==  ###############  ======>

	Statistics over 5001 steps using 51 frames

   Energies (kJ/mol)
           Bond          Angle    Proper Dih. Per. Imp. Dih.          LJ-14
    1.30616e+01    1.63176e+02    3.74017e+01    4.93205e-01    6.19609e+00
     Coulomb-14        LJ (SR)  Disper. corr.   Coulomb (SR)   Coul. recip.
    5.51339e+02    1.02698e+04   -6.88340e+02   -6.22623e+04    3.13475e+02
      Potential    Kinetic En.   Total Energy  Conserved En.    Temperature
   -5.15957e+04    6.25823e+03   -4.53375e+04   -4.94425e+04    2.48865e+02
 Pres. DC (bar) Pressure (bar)   Constr. rmsd
   -3.80289e+02   -3.79668e+01    0.00000e+00

          Box-X          Box-Y          Box-Z
    3.49168e+00    3.49168e+00    2.46899e+00

   Total Virial (kJ/mol)
    2.10440e+03    3.70067e+01    2.57377e+01
    3.69056e+01    2.14538e+03    1.69235e+02
    2.58938e+01    1.69395e+02    2.11430e+03

   Pressure (bar)
   -2.67643e+01   -5.64963e+01   -4.11342e+01
   -5.63847e+01   -5.46158e+01   -1.87593e+02
   -4.13067e+01   -1.87769e+02   -3.25204e+01


	M E G A - F L O P S   A C C O U N T I N G

 NB=Group-cutoff nonbonded kernels    NxN=N-by-N cluster Verlet kernels
 RF=Reaction-Field  VdW=Van der Waals  QSTab=quadratic-spline table
 W3=SPC/TIP3p  W4=TIP4p (single or pairs)
 V&F=Potential and force  V=Potential only  F=Force only

 Computing:                               M-Number         M-Flops  % Flops
-----------------------------------------------------------------------------
 Pair Search distance check              90.446896         814.022     0.1
 NxN Ewald Elec. + LJ [F]              6244.564544      487076.034    51.6
 NxN Ewald Elec. + LJ [V&F]              64.335744        8299.311     0.9
 NxN LJ [F]                              88.799808        3995.991     0.4
 NxN LJ [V&F]                             0.958624          62.311     0.0
 NxN Ewald Elec. [F]                   6211.686784      378912.894    40.1
 NxN Ewald Elec. [V&F]                   63.994368        5375.527     0.6
 1,4 nonbonded interactions               0.210042          18.904     0.0
 Calc Weights                            60.312060        2171.234     0.2
 Spread Q Bspline                      1286.657280        2573.315     0.3
 Gather F Bspline                      1286.657280        7719.944     0.8
 3D-FFT                                4916.173038       39329.384     4.2
 Solve PME                               87.057408        5571.674     0.6
 Reset In Box                             0.253260           0.760     0.0
 CG-CoM                                   0.257280           0.772     0.0
 Bonds                                    0.060012           3.541     0.0
 Angles                                   0.160032          26.885     0.0
 Propers                                  0.300060          68.714     0.0
 Impropers                                0.045009           9.362     0.0
 Virial                                   0.207315           3.732     0.0
 Stop-CM                                  0.209040           2.090     0.0
 P-Coupling                               0.205020           1.230     0.0
 Calc-Ekin                                0.410040          11.071     0.0
 Lincs                                    0.040024           2.401     0.0
 Lincs-Mat                                0.060036           0.240     0.0
 Constraint-V                            15.086032         135.774     0.0
 Constraint-Vir                           0.153408           3.682     0.0
 Settle                                   5.003000        1851.110     0.2
 Virtual Site 3                           5.052000         186.924     0.0
-----------------------------------------------------------------------------
 Total                                                  944228.833   100.0
-----------------------------------------------------------------------------


    D O M A I N   D E C O M P O S I T I O N   S T A T I S T I C S

 av. #atoms communicated per step for force:  2 x 0.0
 av. #atoms communicated per step for vsites: 3 x 0.0
 av. #atoms communicated per step for LINCS:  2 x 0.0


      R E A L   C Y C L E   A N D   T I M E   A C C O U N T I N G

On 1 MPI rank, each using 4 OpenMP threads

 Activity:              Num   Num      Call    Wall time         Giga-Cycles
                        Ranks Threads  Count      (s)         total sum    %
--------------------------------------------------------------------------------
 Domain decomp.            1    4         63       0.343          3.357   1.9
 Vsite constr.             1    4       5001       0.139          1.356   0.7
 Neighbor search           1    4         63       0.221          2.166   1.2
 Force                     1    4       5001       9.007         88.108  48.6
 PME mesh                  1    4       5001       2.109         20.629  11.4
 NB X/F buffer ops.        1    4       9939       6.102         59.690  32.9
 Vsite spread              1    4       5052       0.136          1.330   0.7
 Write traj.               1    4         51       0.046          0.449   0.2
 Update                    1    4       5001       0.246          2.411   1.3
 Constraints               1    4       5003       0.174          1.699   0.9
 Rest                                              0.024          0.235   0.1
--------------------------------------------------------------------------------
 Total                                            18.548        181.430 100.0
--------------------------------------------------------------------------------
 Breakdown of PME mesh activities
--------------------------------------------------------------------------------
 PME spread                1    4       5001       0.755          7.390   4.1
 PME gather                1    4       5001       0.389          3.809   2.1
 PME 3D-FFT                1    4      10002       0.896          8.760   4.8
 PME solve Elec            1    4       5001       0.064          0.622   0.3
--------------------------------------------------------------------------------

               Core t (s)   Wall t (s)        (%)
       Time:       74.191       18.548      400.0
                 (ns/day)    (hour/ns)
Performance:       23.296        1.030
Finished mdrun on rank 0 Sat Apr 19 00:36:00 2025

